<?xml version="1.0" encoding="UTF-8"?>
<!-- Generated by org.testng.reporters.JUnitXMLReporter -->
<testsuite ignored="6" hostname="Pixentia-D69" failures="0" tests="8" name="All Functional Tests" time="153.763" errors="0" timestamp="2025-12-15T17:43:46 IST">
  <testcase classname="smoke.LoginWithdataproviderPOM" name="login" time="21.645"/>
  <testcase classname="smoke.LoginWithdataproviderPOM" name="login" time="1.804"/>
  <testcase classname="smoke.LoginWithdataproviderPOM" name="login" time="1.703"/>
  <testcase classname="smoke.LoginWithdataproviderPOM" name="login" time="1.707"/>
  <testcase classname="smoke.LoginWithdataproviderPOM" name="login" time="0.336"/>
  <testcase classname="regression.SignUPWithPOM" name="SignUPValidation" time="9.398"/>
  <testcase classname="regression.StepperPOM" name="stepperpagetest" time="21.432"/>
  <testcase classname="regression.GAdmin_HomewithPOM" name="homePageRedirectionsvalidation" time="31.716"/>
  <testcase classname="base.BaseTest" name="@AfterTest reportsFlush" time="0.0">
    <ignored/>
  </testcase> <!-- @AfterTest reportsFlush -->
  <testcase classname="base.BaseTest" name="@BeforeTest fileConfiuration" time="0.0">
    <ignored/>
  </testcase> <!-- @BeforeTest fileConfiuration -->
  <testcase classname="base.BaseTest" name="@BeforeTest fileConfiuration" time="0.0">
    <ignored/>
  </testcase> <!-- @BeforeTest fileConfiuration -->
  <testcase classname="base.BaseTest" name="@AfterTest reportsFlush" time="0.0">
    <ignored/>
  </testcase> <!-- @AfterTest reportsFlush -->
  <testcase classname="base.BaseTest" name="@BeforeTest fileConfiuration" time="0.0">
    <ignored/>
  </testcase> <!-- @BeforeTest fileConfiuration -->
  <testcase classname="base.BaseTest" name="@AfterTest reportsFlush" time="0.0">
    <ignored/>
  </testcase> <!-- @AfterTest reportsFlush -->
</testsuite> <!-- All Functional Tests -->
