<?xml version="1.0" encoding="UTF-8"?>
<!-- Generated by org.testng.reporters.JUnitXMLReporter -->
<testsuite ignored="6" hostname="Pixentia-D69" failures="1" tests="8" name="All Functional Tests" time="132.912" errors="0" timestamp="2025-12-12T20:39:01 IST">
  <testcase classname="smoke.LoginWithdataproviderPOM" name="login" time="7.134"/>
  <testcase classname="smoke.LoginWithdataproviderPOM" name="login" time="2.401"/>
  <testcase classname="smoke.LoginWithdataproviderPOM" name="login" time="2.434"/>
  <testcase classname="smoke.LoginWithdataproviderPOM" name="login" time="2.663"/>
  <testcase classname="smoke.LoginWithdataproviderPOM" name="login" time="0.037">
    <failure type="java.lang.IllegalArgumentException" message="Keys to send should be a not null CharSequence">
      <![CDATA[java.lang.IllegalArgumentException: Keys to send should be a not null CharSequence
at org.openqa.selenium.remote.RemoteWebElement.sendKeys(RemoteWebElement.java:96)
at org.openqa.selenium.support.pagefactory.internal.LocatingElementHandler.invoke(LocatingElementHandler.java:51)
at jdk.proxy2/jdk.proxy2.$Proxy17.sendKeys(Unknown Source)
at pages.BasePage.type(BasePage.java:28)
at pages.LoginPage.usernamefield(LoginPage.java:33)
at smoke.LoginWithdataproviderPOM.login(LoginWithdataproviderPOM.java:26)
at java.base/java.util.ArrayList.forEach(ArrayList.java:1511)
... Removed 31 stack frames]]>
    </failure>
  </testcase> <!-- login -->
  <testcase classname="regression.SignUPWithPOM" name="SignUPValidation" time="9.48"/>
  <testcase classname="regression.StepperPOM" name="stepperpagetest" time="20.288"/>
  <testcase classname="regression.GAdmin_HomewithPOM" name="homePageRedirectionsvalidation" time="37.537"/>
  <testcase classname="base.BaseTest" name="@AfterTest reportsFlush" time="0.0">
    <ignored/>
  </testcase> <!-- @AfterTest reportsFlush -->
  <testcase classname="base.BaseTest" name="@BeforeTest fileConfiuration" time="0.0">
    <ignored/>
  </testcase> <!-- @BeforeTest fileConfiuration -->
  <testcase classname="base.BaseTest" name="@BeforeTest fileConfiuration" time="0.0">
    <ignored/>
  </testcase> <!-- @BeforeTest fileConfiuration -->
  <testcase classname="base.BaseTest" name="@AfterTest reportsFlush" time="0.0">
    <ignored/>
  </testcase> <!-- @AfterTest reportsFlush -->
  <testcase classname="base.BaseTest" name="@BeforeTest fileConfiuration" time="0.0">
    <ignored/>
  </testcase> <!-- @BeforeTest fileConfiuration -->
  <testcase classname="base.BaseTest" name="@AfterTest reportsFlush" time="0.0">
    <ignored/>
  </testcase> <!-- @AfterTest reportsFlush -->
</testsuite> <!-- All Functional Tests -->
