<?xml version="1.0" encoding="UTF-8"?>
<!-- Generated by org.testng.reporters.JUnitXMLReporter -->
<testsuite ignored="6" hostname="Pixentia-D69" failures="0" tests="8" name="All Functional Tests" time="137.33" errors="0" timestamp="2025-12-12T15:54:40 IST">
  <testcase classname="smoke.LoginWithdataproviderPOM" name="login" time="11.411"/>
  <testcase classname="smoke.LoginWithdataproviderPOM" name="login" time="2.022"/>
  <testcase classname="smoke.LoginWithdataproviderPOM" name="login" time="1.947"/>
  <testcase classname="smoke.LoginWithdataproviderPOM" name="login" time="2.187"/>
  <testcase classname="smoke.LoginWithdataproviderPOM" name="login" time="0.368"/>
  <testcase classname="regression.SignUPWithPOM" name="SignUPValidation" time="9.338"/>
  <testcase classname="regression.StepperPOM" name="stepperpagetest" time="25.335"/>
  <testcase classname="regression.GAdmin_HomewithPOM" name="homePageRedirectionsvalidation" time="27.329"/>
  <testcase classname="base.BaseTest" name="@BeforeTest fileConfiuration" time="0.0">
    <ignored/>
  </testcase> <!-- @BeforeTest fileConfiuration -->
  <testcase classname="base.BaseTest" name="@BeforeTest fileConfiuration" time="0.0">
    <ignored/>
  </testcase> <!-- @BeforeTest fileConfiuration -->
  <testcase classname="base.BaseTest" name="@AfterTest reportsFlush" time="0.0">
    <ignored/>
  </testcase> <!-- @AfterTest reportsFlush -->
  <testcase classname="base.BaseTest" name="@AfterTest reportsFlush" time="0.0">
    <ignored/>
  </testcase> <!-- @AfterTest reportsFlush -->
  <testcase classname="base.BaseTest" name="@BeforeTest fileConfiuration" time="0.0">
    <ignored/>
  </testcase> <!-- @BeforeTest fileConfiuration -->
  <testcase classname="base.BaseTest" name="@AfterTest reportsFlush" time="0.0">
    <ignored/>
  </testcase> <!-- @AfterTest reportsFlush -->
</testsuite> <!-- All Functional Tests -->
