<?xml version="1.0" encoding="UTF-8"?>
<!-- Generated by org.testng.reporters.JUnitXMLReporter -->
<testsuite ignored="6" hostname="Pixentia-D69" failures="1" tests="8" name="All Functional Tests" time="185.478" errors="0" timestamp="2026-01-07T14:41:51 IST">
  <testcase classname="smoke.LoginWithdataproviderPOM" name="login" time="4.918"/>
  <testcase classname="smoke.LoginWithdataproviderPOM" name="login" time="1.728"/>
  <testcase classname="smoke.LoginWithdataproviderPOM" name="login" time="1.869"/>
  <testcase classname="smoke.LoginWithdataproviderPOM" name="login" time="1.789"/>
  <testcase classname="smoke.LoginWithdataproviderPOM" name="login" time="0.265"/>
  <testcase classname="regression.SignUPWithPOM" name="SignUPValidation" time="9.117"/>
  <testcase classname="regression.StepperPOM" name="stepperpagetest" time="68.328">
    <failure type="org.openqa.selenium.TimeoutException" message="Expected condition failed: waiting for visibility of Proxy element for: DefaultElementLocator &amp;apos;By.xpath: //input[@formcontrolname=&amp;apos;firstName&amp;apos;]&amp;apos; (tried for 30 second(s) with 500 milliseconds interval)">
      <![CDATA[org.openqa.selenium.TimeoutException: Expected condition failed: waiting for visibility of Proxy element for: DefaultElementLocator 'By.xpath: //input[@formcontrolname='firstName']' (tried for 30 second(s) with 500 milliseconds interval)
at org.openqa.selenium.support.ui.WebDriverWait.timeoutException(WebDriverWait.java:84)
at org.openqa.selenium.support.ui.FluentWait.until(FluentWait.java:228)
at pages.StepperPage.getFirstNameTexts(StepperPage.java:79)
at regression.StepperPOM.stepperpagetest(StepperPOM.java:28)
at java.base/java.util.ArrayList.forEach(ArrayList.java:1511)
Caused by: org.openqa.selenium.NoSuchElementException: no such element: Unable to locate element: {"method":"xpath","selector":"//input[@formcontrolname='firstName']"}
  (Session info: chrome=143.0.7499.192)
For documentation on this error, please visit: https://www.selenium.dev/documentation/webdriver/troubleshooting/errors#nosuchelementexception
Build info: version: '4.38.0', revision: '6b412e825c*'
System info: os.name: 'Windows 10', os.arch: 'amd64', os.version: '10.0', java.version: '17.0.15'
Driver info: org.openqa.selenium.chrome.ChromeDriver
Command: [5b770c615cd813b3fea00bcfd39b1ec5, findElement {value=//input[@formcontrolname='firstName'], using=xpath}]
Capabilities {acceptInsecureCerts: false, browserName: chrome, browserVersion: 143.0.7499.192, chrome: {chromedriverVersion: 143.0.7499.192 (be2c1f4fd45..., userDataDir: C:\Windows\SystemTemp\scope...}, fedcm:accounts: true, goog:chromeOptions: {debuggerAddress: localhost:56719}, goog:processID: 9616, networkConnectionEnabled: false, pageLoadStrategy: normal, platformName: windows, proxy: Proxy(), se:cdp: ws://localhost:56719/devtoo..., se:cdpVersion: 143.0.7499.192, setWindowRect: true, strictFileInteractability: false, timeouts: {implicit: 0, pageLoad: 300000, script: 30000}, unhandledPromptBehavior: dismiss and notify, webauthn:extension:credBlob: true, webauthn:extension:largeBlob: true, webauthn:extension:minPinLength: true, webauthn:extension:prf: true, webauthn:virtualAuthenticators: true}
Session ID: 5b770c615cd813b3fea00bcfd39b1ec5
at org.openqa.selenium.remote.ErrorCodec.decode(ErrorCodec.java:167)
at org.openqa.selenium.remote.codec.w3c.W3CHttpResponseCodec.decode(W3CHttpResponseCodec.java:138)
at org.openqa.selenium.remote.codec.w3c.W3CHttpResponseCodec.decode(W3CHttpResponseCodec.java:50)
at org.openqa.selenium.remote.HttpCommandExecutor.execute(HttpCommandExecutor.java:215)
at org.openqa.selenium.remote.service.DriverCommandExecutor.invokeExecute(DriverCommandExecutor.java:216)
at org.openqa.selenium.remote.service.DriverCommandExecutor.execute(DriverCommandExecutor.java:174)
at org.openqa.selenium.remote.RemoteWebDriver.execute(RemoteWebDriver.java:557)
at org.openqa.selenium.remote.ElementLocation$ElementFinder$2.findElement(ElementLocation.java:165)
at org.openqa.selenium.remote.ElementLocation.findElement(ElementLocation.java:59)
at org.openqa.selenium.remote.RemoteWebDriver.findElement(RemoteWebDriver.java:380)
at org.openqa.selenium.remote.RemoteWebDriver.findElement(RemoteWebDriver.java:374)
at org.openqa.selenium.support.pagefactory.DefaultElementLocator.findElement(DefaultElementLocator.java:68)
at org.openqa.selenium.support.pagefactory.internal.LocatingElementHandler.invoke(LocatingElementHandler.java:38)
at jdk.proxy2/jdk.proxy2.$Proxy14.isDisplayed(Unknown Source)
at org.openqa.selenium.support.ui.ExpectedConditions.elementIfVisible(ExpectedConditions.java:308)
at org.openqa.selenium.support.ui.ExpectedConditions$10.apply(ExpectedConditions.java:294)
at org.openqa.selenium.support.ui.ExpectedConditions$10.apply(ExpectedConditions.java:291)
at org.openqa.selenium.support.ui.FluentWait.until(FluentWait.java:203)
... 34 more
... Removed 36 stack frames]]>
    </failure>
  </testcase> <!-- stepperpagetest -->
  <testcase classname="regression.GAdmin_HomewithPOM" name="homePageRedirectionsvalidation" time="46.176"/>
  <testcase classname="base.BaseTest" name="@BeforeTest fileConfiuration" time="0.0">
    <ignored/>
  </testcase> <!-- @BeforeTest fileConfiuration -->
  <testcase classname="base.BaseTest" name="@BeforeTest fileConfiuration" time="0.0">
    <ignored/>
  </testcase> <!-- @BeforeTest fileConfiuration -->
  <testcase classname="base.BaseTest" name="@BeforeTest fileConfiuration" time="0.0">
    <ignored/>
  </testcase> <!-- @BeforeTest fileConfiuration -->
  <testcase classname="base.BaseTest" name="@AfterTest reportsFlush" time="0.0">
    <ignored/>
  </testcase> <!-- @AfterTest reportsFlush -->
  <testcase classname="base.BaseTest" name="@AfterTest reportsFlush" time="0.0">
    <ignored/>
  </testcase> <!-- @AfterTest reportsFlush -->
  <testcase classname="base.BaseTest" name="@AfterTest reportsFlush" time="0.0">
    <ignored/>
  </testcase> <!-- @AfterTest reportsFlush -->
</testsuite> <!-- All Functional Tests -->
