<?xml version="1.0" encoding="UTF-8"?>
<!-- Generated by org.testng.reporters.JUnitXMLReporter -->
<testsuite ignored="6" hostname="Pixentia-D69" failures="0" tests="8" name="All Functional Tests" time="142.149" errors="0" timestamp="2025-12-15T14:41:17 IST">
  <testcase classname="smoke.LoginWithdataproviderPOM" name="login" time="6.215"/>
  <testcase classname="smoke.LoginWithdataproviderPOM" name="login" time="1.92"/>
  <testcase classname="smoke.LoginWithdataproviderPOM" name="login" time="2.249"/>
  <testcase classname="smoke.LoginWithdataproviderPOM" name="login" time="1.847"/>
  <testcase classname="smoke.LoginWithdataproviderPOM" name="login" time="0.41"/>
  <testcase classname="regression.SignUPWithPOM" name="SignUPValidation" time="10.2"/>
  <testcase classname="regression.StepperPOM" name="stepperpagetest" time="20.834"/>
  <testcase classname="regression.GAdmin_HomewithPOM" name="homePageRedirectionsvalidation" time="32.161"/>
  <testcase classname="base.BaseTest" name="@BeforeTest fileConfiuration" time="0.0">
    <ignored/>
  </testcase> <!-- @BeforeTest fileConfiuration -->
  <testcase classname="base.BaseTest" name="@BeforeTest fileConfiuration" time="0.0">
    <ignored/>
  </testcase> <!-- @BeforeTest fileConfiuration -->
  <testcase classname="base.BaseTest" name="@BeforeTest fileConfiuration" time="0.0">
    <ignored/>
  </testcase> <!-- @BeforeTest fileConfiuration -->
  <testcase classname="base.BaseTest" name="@AfterTest reportsFlush" time="0.0">
    <ignored/>
  </testcase> <!-- @AfterTest reportsFlush -->
  <testcase classname="base.BaseTest" name="@AfterTest reportsFlush" time="0.0">
    <ignored/>
  </testcase> <!-- @AfterTest reportsFlush -->
  <testcase classname="base.BaseTest" name="@AfterTest reportsFlush" time="0.0">
    <ignored/>
  </testcase> <!-- @AfterTest reportsFlush -->
</testsuite> <!-- All Functional Tests -->
