<?xml version="1.0" encoding="UTF-8"?>
<testng-results ignored="0" total="8" passed="8" failed="0" skipped="0">
  <reporter-output>
  </reporter-output>
  <suite started-at="2025-12-15T14:38:54 IST" name="Novo Automation Suite" finished-at="2025-12-15T14:41:17 IST" duration-ms="142149">
    <groups>
    </groups>
    <test started-at="2025-12-15T14:38:54 IST" name="All Functional Tests" finished-at="2025-12-15T14:41:17 IST" duration-ms="142149">
      <class name="regression.SignUPWithPOM">
        <test-method is-config="true" signature="browserSetup(java.lang.reflect.Method)[pri:0, instance:regression.SignUPWithPOM@235834f2]" started-at="2025-12-15T14:39:51 IST" name="browserSetup" finished-at="2025-12-15T14:39:59 IST" duration-ms="8277" status="PASS">
          <params>
            <param index="0">
              <value>
                <![CDATA[public void regression.SignUPWithPOM.SignUPValidation(java.util.HashMap)]]>
              </value>
            </param>
          </params>
          <reporter-output>
          </reporter-output>
        </test-method> <!-- browserSetup -->
        <test-method signature="SignUPValidation(java.util.HashMap)[pri:0, instance:regression.SignUPWithPOM@235834f2]" started-at="2025-12-15T14:39:59 IST" name="SignUPValidation" data-provider="getSignUPdata" finished-at="2025-12-15T14:40:09 IST" duration-ms="10200" status="PASS">
          <params>
            <param index="0">
              <value>
                <![CDATA[{Zip=520015, ConfPassword=Test123$, Email=test@pixentia.com, FirstName=Deepika, Address2=sign nagar, TestCaseID=TC_signup-001, Address1=Pipul Road, City=vijayawada, Emailexisterrormessage=Email already Exists , State=Andhra Pradesh, Country=Bharat, LastName=Lakkamraju, SuccessToasterMessage=, Password=Test123$}]]>
              </value>
            </param>
          </params>
          <reporter-output>
          </reporter-output>
        </test-method> <!-- SignUPValidation -->
        <test-method is-config="true" signature="tearDown()[pri:0, instance:regression.SignUPWithPOM@235834f2]" started-at="2025-12-15T14:40:09 IST" name="tearDown" finished-at="2025-12-15T14:40:10 IST" duration-ms="704" status="PASS">
          <reporter-output>
          </reporter-output>
        </test-method> <!-- tearDown -->
      </class> <!-- regression.SignUPWithPOM -->
      <class name="smoke.LoginWithdataproviderPOM">
        <test-method is-config="true" signature="fileConfiuration()[pri:0, instance:smoke.LoginWithdataproviderPOM@a1153bc]" started-at="2025-12-15T14:38:54 IST" name="fileConfiuration" finished-at="2025-12-15T14:38:55 IST" duration-ms="289" status="PASS">
          <reporter-output>
          </reporter-output>
        </test-method> <!-- fileConfiuration -->
        <test-method is-config="true" signature="browserSetup(java.lang.reflect.Method)[pri:0, instance:smoke.LoginWithdataproviderPOM@a1153bc]" started-at="2025-12-15T14:38:56 IST" name="browserSetup" finished-at="2025-12-15T14:39:06 IST" duration-ms="10017" status="PASS">
          <params>
            <param index="0">
              <value>
                <![CDATA[public void smoke.LoginWithdataproviderPOM.login(java.util.HashMap)]]>
              </value>
            </param>
          </params>
          <reporter-output>
          </reporter-output>
        </test-method> <!-- browserSetup -->
        <test-method signature="login(java.util.HashMap)[pri:0, instance:smoke.LoginWithdataproviderPOM@a1153bc]" started-at="2025-12-15T14:39:06 IST" name="login" data-provider="getlogintestdata" finished-at="2025-12-15T14:39:12 IST" duration-ms="6215" status="PASS">
          <params>
            <param index="0">
              <value>
                <![CDATA[{Expected Title=Home, UserName=bdatla@pixentia.com, TestCaseID=TC_login-001, ExpectedErrorMessage=, ExpectedUserNameErrorMessage=, ExpectedPasswordErrorMessage=, Password=Test123$}]]>
              </value>
            </param>
          </params>
          <reporter-output>
          </reporter-output>
        </test-method> <!-- login -->
        <test-method is-config="true" signature="tearDown()[pri:0, instance:smoke.LoginWithdataproviderPOM@a1153bc]" started-at="2025-12-15T14:39:12 IST" name="tearDown" finished-at="2025-12-15T14:39:13 IST" duration-ms="455" status="PASS">
          <reporter-output>
          </reporter-output>
        </test-method> <!-- tearDown -->
        <test-method is-config="true" signature="browserSetup(java.lang.reflect.Method)[pri:0, instance:smoke.LoginWithdataproviderPOM@a1153bc]" started-at="2025-12-15T14:39:13 IST" name="browserSetup" finished-at="2025-12-15T14:39:19 IST" duration-ms="6612" status="PASS">
          <params>
            <param index="0">
              <value>
                <![CDATA[public void smoke.LoginWithdataproviderPOM.login(java.util.HashMap)]]>
              </value>
            </param>
          </params>
          <reporter-output>
          </reporter-output>
        </test-method> <!-- browserSetup -->
        <test-method signature="login(java.util.HashMap)[pri:0, instance:smoke.LoginWithdataproviderPOM@a1153bc]" started-at="2025-12-15T14:39:19 IST" name="login" data-provider="getlogintestdata" finished-at="2025-12-15T14:39:21 IST" duration-ms="1920" status="PASS">
          <params>
            <param index="0">
              <value>
                <![CDATA[{Expected Title=ChasmaNOVO, UserName=bdatla@pixentia.com, TestCaseID=TC_login-002, ExpectedErrorMessage=Incorrect username or password., ExpectedUserNameErrorMessage=, ExpectedPasswordErrorMessage=, Password=Test1234}]]>
              </value>
            </param>
          </params>
          <reporter-output>
          </reporter-output>
        </test-method> <!-- login -->
        <test-method is-config="true" signature="tearDown()[pri:0, instance:smoke.LoginWithdataproviderPOM@a1153bc]" started-at="2025-12-15T14:39:21 IST" name="tearDown" finished-at="2025-12-15T14:39:21 IST" duration-ms="302" status="PASS">
          <reporter-output>
          </reporter-output>
        </test-method> <!-- tearDown -->
        <test-method is-config="true" signature="browserSetup(java.lang.reflect.Method)[pri:0, instance:smoke.LoginWithdataproviderPOM@a1153bc]" started-at="2025-12-15T14:39:21 IST" name="browserSetup" finished-at="2025-12-15T14:39:30 IST" duration-ms="8223" status="PASS">
          <params>
            <param index="0">
              <value>
                <![CDATA[public void smoke.LoginWithdataproviderPOM.login(java.util.HashMap)]]>
              </value>
            </param>
          </params>
          <reporter-output>
          </reporter-output>
        </test-method> <!-- browserSetup -->
        <test-method signature="login(java.util.HashMap)[pri:0, instance:smoke.LoginWithdataproviderPOM@a1153bc]" started-at="2025-12-15T14:39:30 IST" name="login" data-provider="getlogintestdata" finished-at="2025-12-15T14:39:32 IST" duration-ms="2249" status="PASS">
          <params>
            <param index="0">
              <value>
                <![CDATA[{Expected Title=ChasmaNOVO, UserName=bdatla@phenom.com, TestCaseID=TC_login-003, ExpectedErrorMessage=Incorrect username or password., ExpectedUserNameErrorMessage=, ExpectedPasswordErrorMessage=, Password=Test123$}]]>
              </value>
            </param>
          </params>
          <reporter-output>
          </reporter-output>
        </test-method> <!-- login -->
        <test-method is-config="true" signature="tearDown()[pri:0, instance:smoke.LoginWithdataproviderPOM@a1153bc]" started-at="2025-12-15T14:39:33 IST" name="tearDown" finished-at="2025-12-15T14:39:33 IST" duration-ms="829" status="PASS">
          <reporter-output>
          </reporter-output>
        </test-method> <!-- tearDown -->
        <test-method is-config="true" signature="browserSetup(java.lang.reflect.Method)[pri:0, instance:smoke.LoginWithdataproviderPOM@a1153bc]" started-at="2025-12-15T14:39:33 IST" name="browserSetup" finished-at="2025-12-15T14:39:40 IST" duration-ms="6174" status="PASS">
          <params>
            <param index="0">
              <value>
                <![CDATA[public void smoke.LoginWithdataproviderPOM.login(java.util.HashMap)]]>
              </value>
            </param>
          </params>
          <reporter-output>
          </reporter-output>
        </test-method> <!-- browserSetup -->
        <test-method signature="login(java.util.HashMap)[pri:0, instance:smoke.LoginWithdataproviderPOM@a1153bc]" started-at="2025-12-15T14:39:40 IST" name="login" data-provider="getlogintestdata" finished-at="2025-12-15T14:39:41 IST" duration-ms="1847" status="PASS">
          <params>
            <param index="0">
              <value>
                <![CDATA[{Expected Title=ChasmaNOVO, UserName=bdatla@phenom.com, TestCaseID=TC_login-004, ExpectedErrorMessage=Incorrect username or password., ExpectedUserNameErrorMessage=, ExpectedPasswordErrorMessage=, Password=test1234}]]>
              </value>
            </param>
          </params>
          <reporter-output>
          </reporter-output>
        </test-method> <!-- login -->
        <test-method is-config="true" signature="tearDown()[pri:0, instance:smoke.LoginWithdataproviderPOM@a1153bc]" started-at="2025-12-15T14:39:42 IST" name="tearDown" finished-at="2025-12-15T14:39:42 IST" duration-ms="817" status="PASS">
          <reporter-output>
          </reporter-output>
        </test-method> <!-- tearDown -->
        <test-method is-config="true" signature="browserSetup(java.lang.reflect.Method)[pri:0, instance:smoke.LoginWithdataproviderPOM@a1153bc]" started-at="2025-12-15T14:39:42 IST" name="browserSetup" finished-at="2025-12-15T14:39:49 IST" duration-ms="6976" status="PASS">
          <params>
            <param index="0">
              <value>
                <![CDATA[public void smoke.LoginWithdataproviderPOM.login(java.util.HashMap)]]>
              </value>
            </param>
          </params>
          <reporter-output>
          </reporter-output>
        </test-method> <!-- browserSetup -->
        <test-method signature="login(java.util.HashMap)[pri:0, instance:smoke.LoginWithdataproviderPOM@a1153bc]" started-at="2025-12-15T14:39:49 IST" name="login" data-provider="getlogintestdata" finished-at="2025-12-15T14:39:50 IST" duration-ms="410" status="PASS">
          <params>
            <param index="0">
              <value>
                <![CDATA[{Expected Title=ChasmaNOVO, UserName=, TestCaseID=TC_login-005, ExpectedErrorMessage=, ExpectedUserNameErrorMessage=Username is required, ExpectedPasswordErrorMessage=Password is required, Password=}]]>
              </value>
            </param>
          </params>
          <reporter-output>
          </reporter-output>
        </test-method> <!-- login -->
        <test-method is-config="true" signature="tearDown()[pri:0, instance:smoke.LoginWithdataproviderPOM@a1153bc]" started-at="2025-12-15T14:39:50 IST" name="tearDown" finished-at="2025-12-15T14:39:50 IST" duration-ms="517" status="PASS">
          <reporter-output>
          </reporter-output>
        </test-method> <!-- tearDown -->
        <test-method is-config="true" signature="reportsFlush()[pri:0, instance:smoke.LoginWithdataproviderPOM@a1153bc]" started-at="2025-12-15T14:41:16 IST" name="reportsFlush" finished-at="2025-12-15T14:41:17 IST" duration-ms="548" status="PASS">
          <reporter-output>
          </reporter-output>
        </test-method> <!-- reportsFlush -->
      </class> <!-- smoke.LoginWithdataproviderPOM -->
      <class name="regression.GAdmin_HomewithPOM">
        <test-method is-config="true" signature="browserSetup(java.lang.reflect.Method)[pri:0, instance:regression.GAdmin_HomewithPOM@4218d6a3]" started-at="2025-12-15T14:40:38 IST" name="browserSetup" finished-at="2025-12-15T14:40:43 IST" duration-ms="5587" status="PASS">
          <params>
            <param index="0">
              <value>
                <![CDATA[public void regression.GAdmin_HomewithPOM.homePageRedirectionsvalidation()]]>
              </value>
            </param>
          </params>
          <reporter-output>
          </reporter-output>
        </test-method> <!-- browserSetup -->
        <test-method signature="homePageRedirectionsvalidation()[pri:0, instance:regression.GAdmin_HomewithPOM@4218d6a3]" started-at="2025-12-15T14:40:43 IST" name="homePageRedirectionsvalidation" finished-at="2025-12-15T14:41:16 IST" duration-ms="32161" status="PASS">
          <reporter-output>
          </reporter-output>
        </test-method> <!-- homePageRedirectionsvalidation -->
        <test-method is-config="true" signature="tearDown()[pri:0, instance:regression.GAdmin_HomewithPOM@4218d6a3]" started-at="2025-12-15T14:41:16 IST" name="tearDown" finished-at="2025-12-15T14:41:16 IST" duration-ms="423" status="PASS">
          <reporter-output>
          </reporter-output>
        </test-method> <!-- tearDown -->
      </class> <!-- regression.GAdmin_HomewithPOM -->
      <class name="regression.StepperPOM">
        <test-method is-config="true" signature="browserSetup(java.lang.reflect.Method)[pri:0, instance:regression.StepperPOM@5656be13]" started-at="2025-12-15T14:40:10 IST" name="browserSetup" finished-at="2025-12-15T14:40:17 IST" duration-ms="6634" status="PASS">
          <params>
            <param index="0">
              <value>
                <![CDATA[public void regression.StepperPOM.stepperpagetest(java.util.HashMap)]]>
              </value>
            </param>
          </params>
          <reporter-output>
          </reporter-output>
        </test-method> <!-- browserSetup -->
        <test-method signature="stepperpagetest(java.util.HashMap)[pri:0, instance:regression.StepperPOM@5656be13]" started-at="2025-12-15T14:40:17 IST" name="stepperpagetest" data-provider="getTestDataFromExcel" finished-at="2025-12-15T14:40:37 IST" duration-ms="20834" status="PASS">
          <params>
            <param index="0">
              <value>
                <![CDATA[{SkillName=Apache JMeter, SkillLevel=Beginner, Username=test@pixentia.com, FirstName=test, JobCategory=Software Quality Assurance, TestCaseID=TC_stepper-001, LastName=test, InterestData=Testing, Password=Test123$}]]>
              </value>
            </param>
          </params>
          <reporter-output>
          </reporter-output>
        </test-method> <!-- stepperpagetest -->
        <test-method is-config="true" signature="tearDown()[pri:0, instance:regression.StepperPOM@5656be13]" started-at="2025-12-15T14:40:37 IST" name="tearDown" finished-at="2025-12-15T14:40:38 IST" duration-ms="330" status="PASS">
          <reporter-output>
          </reporter-output>
        </test-method> <!-- tearDown -->
      </class> <!-- regression.StepperPOM -->
    </test> <!-- All Functional Tests -->
  </suite> <!-- Novo Automation Suite -->
</testng-results>
