<?xml version="1.0" encoding="UTF-8"?>
<testng-results ignored="0" total="1" passed="1" failed="0" skipped="0">
  <reporter-output>
  </reporter-output>
  <suite started-at="2025-12-15T19:05:16 IST" name="Default suite" finished-at="2025-12-15T19:06:12 IST" duration-ms="56348">
    <groups>
    </groups>
    <test started-at="2025-12-15T19:05:16 IST" name="Default test" finished-at="2025-12-15T19:06:12 IST" duration-ms="56348">
      <class name="regression.GAdmin_HomewithPOM">
        <test-method is-config="true" signature="fileConfiuration()[pri:0, instance:regression.GAdmin_HomewithPOM@d35dea7]" started-at="2025-12-15T19:05:16 IST" name="fileConfiuration" finished-at="2025-12-15T19:05:16 IST" duration-ms="340" status="PASS">
          <reporter-output>
          </reporter-output>
        </test-method> <!-- fileConfiuration -->
        <test-method is-config="true" signature="browserSetup(java.lang.reflect.Method)[pri:0, instance:regression.GAdmin_HomewithPOM@d35dea7]" started-at="2025-12-15T19:05:16 IST" name="browserSetup" finished-at="2025-12-15T19:05:23 IST" duration-ms="6619" status="PASS">
          <params>
            <param index="0">
              <value>
                <![CDATA[public void regression.GAdmin_HomewithPOM.homePageRedirectionsvalidation()]]>
              </value>
            </param>
          </params>
          <reporter-output>
          </reporter-output>
        </test-method> <!-- browserSetup -->
        <test-method signature="homePageRedirectionsvalidation()[pri:0, instance:regression.GAdmin_HomewithPOM@d35dea7]" started-at="2025-12-15T19:05:23 IST" name="homePageRedirectionsvalidation" finished-at="2025-12-15T19:06:11 IST" duration-ms="48522" status="PASS">
          <reporter-output>
          </reporter-output>
        </test-method> <!-- homePageRedirectionsvalidation -->
        <test-method is-config="true" signature="tearDown()[pri:0, instance:regression.GAdmin_HomewithPOM@d35dea7]" started-at="2025-12-15T19:06:11 IST" name="tearDown" finished-at="2025-12-15T19:06:12 IST" duration-ms="403" status="PASS">
          <reporter-output>
          </reporter-output>
        </test-method> <!-- tearDown -->
        <test-method is-config="true" signature="reportsFlush()[pri:0, instance:regression.GAdmin_HomewithPOM@d35dea7]" started-at="2025-12-15T19:06:12 IST" name="reportsFlush" finished-at="2025-12-15T19:06:12 IST" duration-ms="407" status="PASS">
          <reporter-output>
          </reporter-output>
        </test-method> <!-- reportsFlush -->
      </class> <!-- regression.GAdmin_HomewithPOM -->
    </test> <!-- Default test -->
  </suite> <!-- Default suite -->
</testng-results>
