<?xml version="1.0" encoding="UTF-8"?>
<testng-results ignored="0" total="8" passed="8" failed="0" skipped="0">
  <reporter-output>
  </reporter-output>
  <suite started-at="2025-12-12T15:52:23 IST" name="Novo Automation Suite" finished-at="2025-12-12T15:54:40 IST" duration-ms="137330">
    <groups>
    </groups>
    <test started-at="2025-12-12T15:52:23 IST" name="All Functional Tests" finished-at="2025-12-12T15:54:40 IST" duration-ms="137330">
      <class name="regression.SignUPWithPOM">
        <test-method is-config="true" signature="browserSetup(java.lang.reflect.Method)[pri:0, instance:regression.SignUPWithPOM@77f1baf5]" started-at="2025-12-12T15:53:21 IST" name="browserSetup" finished-at="2025-12-12T15:53:27 IST" duration-ms="5989" status="PASS">
          <params>
            <param index="0">
              <value>
                <![CDATA[public void regression.SignUPWithPOM.SignUPValidation(java.util.HashMap)]]>
              </value>
            </param>
          </params>
          <reporter-output>
          </reporter-output>
        </test-method> <!-- browserSetup -->
        <test-method signature="SignUPValidation(java.util.HashMap)[pri:0, instance:regression.SignUPWithPOM@77f1baf5]" started-at="2025-12-12T15:53:27 IST" name="SignUPValidation" data-provider="getSignUPdata" finished-at="2025-12-12T15:53:37 IST" duration-ms="9338" status="PASS">
          <params>
            <param index="0">
              <value>
                <![CDATA[{Zip=520015, ConfPassword=Test123$, Email=test@pixentia.com, FirstName=Deepika, Address2=sign nagar, TestCaseID=TC_signup-001, Address1=Pipul Road, City=vijayawada, Emailexisterrormessage=Email already Exists , State=Andhra Pradesh, Country=Bharat, LastName=Lakkamraju, SuccessToasterMessage=, Password=Test123$}]]>
              </value>
            </param>
          </params>
          <reporter-output>
          </reporter-output>
        </test-method> <!-- SignUPValidation -->
        <test-method is-config="true" signature="tearDown()[pri:0, instance:regression.SignUPWithPOM@77f1baf5]" started-at="2025-12-12T15:53:37 IST" name="tearDown" finished-at="2025-12-12T15:53:37 IST" duration-ms="408" status="PASS">
          <reporter-output>
          </reporter-output>
        </test-method> <!-- tearDown -->
      </class> <!-- regression.SignUPWithPOM -->
      <class name="smoke.LoginWithdataproviderPOM">
        <test-method is-config="true" signature="fileConfiuration()[pri:0, instance:smoke.LoginWithdataproviderPOM@247bddad]" started-at="2025-12-12T15:52:23 IST" name="fileConfiuration" finished-at="2025-12-12T15:52:23 IST" duration-ms="409" status="PASS">
          <reporter-output>
          </reporter-output>
        </test-method> <!-- fileConfiuration -->
        <test-method is-config="true" signature="browserSetup(java.lang.reflect.Method)[pri:0, instance:smoke.LoginWithdataproviderPOM@247bddad]" started-at="2025-12-12T15:52:24 IST" name="browserSetup" finished-at="2025-12-12T15:52:41 IST" duration-ms="16548" status="PASS">
          <params>
            <param index="0">
              <value>
                <![CDATA[public void smoke.LoginWithdataproviderPOM.login(java.util.HashMap)]]>
              </value>
            </param>
          </params>
          <reporter-output>
          </reporter-output>
        </test-method> <!-- browserSetup -->
        <test-method signature="login(java.util.HashMap)[pri:0, instance:smoke.LoginWithdataproviderPOM@247bddad]" started-at="2025-12-12T15:52:41 IST" name="login" data-provider="getlogintestdata" finished-at="2025-12-12T15:52:52 IST" duration-ms="11411" status="PASS">
          <params>
            <param index="0">
              <value>
                <![CDATA[{Expected Title=Home, UserName=bdatla@pixentia.com, TestCaseID=TC_login-001, ExpectedErrorMessage=, ExpectedUserNameErrorMessage=, ExpectedPasswordErrorMessage=, Password=Test123$}]]>
              </value>
            </param>
          </params>
          <reporter-output>
          </reporter-output>
        </test-method> <!-- login -->
        <test-method is-config="true" signature="tearDown()[pri:0, instance:smoke.LoginWithdataproviderPOM@247bddad]" started-at="2025-12-12T15:52:52 IST" name="tearDown" finished-at="2025-12-12T15:52:53 IST" duration-ms="504" status="PASS">
          <reporter-output>
          </reporter-output>
        </test-method> <!-- tearDown -->
        <test-method is-config="true" signature="browserSetup(java.lang.reflect.Method)[pri:0, instance:smoke.LoginWithdataproviderPOM@247bddad]" started-at="2025-12-12T15:52:53 IST" name="browserSetup" finished-at="2025-12-12T15:52:58 IST" duration-ms="5673" status="PASS">
          <params>
            <param index="0">
              <value>
                <![CDATA[public void smoke.LoginWithdataproviderPOM.login(java.util.HashMap)]]>
              </value>
            </param>
          </params>
          <reporter-output>
          </reporter-output>
        </test-method> <!-- browserSetup -->
        <test-method signature="login(java.util.HashMap)[pri:0, instance:smoke.LoginWithdataproviderPOM@247bddad]" started-at="2025-12-12T15:52:58 IST" name="login" data-provider="getlogintestdata" finished-at="2025-12-12T15:53:00 IST" duration-ms="2022" status="PASS">
          <params>
            <param index="0">
              <value>
                <![CDATA[{Expected Title=ChasmaNOVO, UserName=bdatla@pixentia.com, TestCaseID=TC_login-002, ExpectedErrorMessage=Incorrect username or password., ExpectedUserNameErrorMessage=, ExpectedPasswordErrorMessage=, Password=Test1234}]]>
              </value>
            </param>
          </params>
          <reporter-output>
          </reporter-output>
        </test-method> <!-- login -->
        <test-method is-config="true" signature="tearDown()[pri:0, instance:smoke.LoginWithdataproviderPOM@247bddad]" started-at="2025-12-12T15:53:01 IST" name="tearDown" finished-at="2025-12-12T15:53:01 IST" duration-ms="429" status="PASS">
          <reporter-output>
          </reporter-output>
        </test-method> <!-- tearDown -->
        <test-method is-config="true" signature="browserSetup(java.lang.reflect.Method)[pri:0, instance:smoke.LoginWithdataproviderPOM@247bddad]" started-at="2025-12-12T15:53:01 IST" name="browserSetup" finished-at="2025-12-12T15:53:06 IST" duration-ms="4921" status="PASS">
          <params>
            <param index="0">
              <value>
                <![CDATA[public void smoke.LoginWithdataproviderPOM.login(java.util.HashMap)]]>
              </value>
            </param>
          </params>
          <reporter-output>
          </reporter-output>
        </test-method> <!-- browserSetup -->
        <test-method signature="login(java.util.HashMap)[pri:0, instance:smoke.LoginWithdataproviderPOM@247bddad]" started-at="2025-12-12T15:53:06 IST" name="login" data-provider="getlogintestdata" finished-at="2025-12-12T15:53:08 IST" duration-ms="1947" status="PASS">
          <params>
            <param index="0">
              <value>
                <![CDATA[{Expected Title=ChasmaNOVO, UserName=bdatla@phenom.com, TestCaseID=TC_login-003, ExpectedErrorMessage=Incorrect username or password., ExpectedUserNameErrorMessage=, ExpectedPasswordErrorMessage=, Password=Test123$}]]>
              </value>
            </param>
          </params>
          <reporter-output>
          </reporter-output>
        </test-method> <!-- login -->
        <test-method is-config="true" signature="tearDown()[pri:0, instance:smoke.LoginWithdataproviderPOM@247bddad]" started-at="2025-12-12T15:53:08 IST" name="tearDown" finished-at="2025-12-12T15:53:08 IST" duration-ms="306" status="PASS">
          <reporter-output>
          </reporter-output>
        </test-method> <!-- tearDown -->
        <test-method is-config="true" signature="browserSetup(java.lang.reflect.Method)[pri:0, instance:smoke.LoginWithdataproviderPOM@247bddad]" started-at="2025-12-12T15:53:08 IST" name="browserSetup" finished-at="2025-12-12T15:53:13 IST" duration-ms="5128" status="PASS">
          <params>
            <param index="0">
              <value>
                <![CDATA[public void smoke.LoginWithdataproviderPOM.login(java.util.HashMap)]]>
              </value>
            </param>
          </params>
          <reporter-output>
          </reporter-output>
        </test-method> <!-- browserSetup -->
        <test-method signature="login(java.util.HashMap)[pri:0, instance:smoke.LoginWithdataproviderPOM@247bddad]" started-at="2025-12-12T15:53:13 IST" name="login" data-provider="getlogintestdata" finished-at="2025-12-12T15:53:16 IST" duration-ms="2187" status="PASS">
          <params>
            <param index="0">
              <value>
                <![CDATA[{Expected Title=ChasmaNOVO, UserName=bdatla@phenom.com, TestCaseID=TC_login-004, ExpectedErrorMessage=Incorrect username or password., ExpectedUserNameErrorMessage=, ExpectedPasswordErrorMessage=, Password=test1234}]]>
              </value>
            </param>
          </params>
          <reporter-output>
          </reporter-output>
        </test-method> <!-- login -->
        <test-method is-config="true" signature="tearDown()[pri:0, instance:smoke.LoginWithdataproviderPOM@247bddad]" started-at="2025-12-12T15:53:16 IST" name="tearDown" finished-at="2025-12-12T15:53:16 IST" duration-ms="331" status="PASS">
          <reporter-output>
          </reporter-output>
        </test-method> <!-- tearDown -->
        <test-method is-config="true" signature="browserSetup(java.lang.reflect.Method)[pri:0, instance:smoke.LoginWithdataproviderPOM@247bddad]" started-at="2025-12-12T15:53:16 IST" name="browserSetup" finished-at="2025-12-12T15:53:21 IST" duration-ms="4388" status="PASS">
          <params>
            <param index="0">
              <value>
                <![CDATA[public void smoke.LoginWithdataproviderPOM.login(java.util.HashMap)]]>
              </value>
            </param>
          </params>
          <reporter-output>
          </reporter-output>
        </test-method> <!-- browserSetup -->
        <test-method signature="login(java.util.HashMap)[pri:0, instance:smoke.LoginWithdataproviderPOM@247bddad]" started-at="2025-12-12T15:53:21 IST" name="login" data-provider="getlogintestdata" finished-at="2025-12-12T15:53:21 IST" duration-ms="368" status="PASS">
          <params>
            <param index="0">
              <value>
                <![CDATA[{Expected Title=ChasmaNOVO, UserName=, TestCaseID=TC_login-005, ExpectedErrorMessage=, ExpectedUserNameErrorMessage=Username is required, ExpectedPasswordErrorMessage=Password is required, Password=}]]>
              </value>
            </param>
          </params>
          <reporter-output>
          </reporter-output>
        </test-method> <!-- login -->
        <test-method is-config="true" signature="tearDown()[pri:0, instance:smoke.LoginWithdataproviderPOM@247bddad]" started-at="2025-12-12T15:53:21 IST" name="tearDown" finished-at="2025-12-12T15:53:21 IST" duration-ms="337" status="PASS">
          <reporter-output>
          </reporter-output>
        </test-method> <!-- tearDown -->
        <test-method is-config="true" signature="reportsFlush()[pri:0, instance:smoke.LoginWithdataproviderPOM@247bddad]" started-at="2025-12-12T15:54:40 IST" name="reportsFlush" finished-at="2025-12-12T15:54:40 IST" duration-ms="434" status="PASS">
          <reporter-output>
          </reporter-output>
        </test-method> <!-- reportsFlush -->
      </class> <!-- smoke.LoginWithdataproviderPOM -->
      <class name="regression.GAdmin_HomewithPOM">
        <test-method is-config="true" signature="browserSetup(java.lang.reflect.Method)[pri:0, instance:regression.GAdmin_HomewithPOM@6c40365c]" started-at="2025-12-12T15:54:08 IST" name="browserSetup" finished-at="2025-12-12T15:54:12 IST" duration-ms="4205" status="PASS">
          <params>
            <param index="0">
              <value>
                <![CDATA[public void regression.GAdmin_HomewithPOM.homePageRedirectionsvalidation()]]>
              </value>
            </param>
          </params>
          <reporter-output>
          </reporter-output>
        </test-method> <!-- browserSetup -->
        <test-method signature="homePageRedirectionsvalidation()[pri:0, instance:regression.GAdmin_HomewithPOM@6c40365c]" started-at="2025-12-12T15:54:12 IST" name="homePageRedirectionsvalidation" finished-at="2025-12-12T15:54:39 IST" duration-ms="27329" status="PASS">
          <reporter-output>
          </reporter-output>
        </test-method> <!-- homePageRedirectionsvalidation -->
        <test-method is-config="true" signature="tearDown()[pri:0, instance:regression.GAdmin_HomewithPOM@6c40365c]" started-at="2025-12-12T15:54:39 IST" name="tearDown" finished-at="2025-12-12T15:54:40 IST" duration-ms="415" status="PASS">
          <reporter-output>
          </reporter-output>
        </test-method> <!-- tearDown -->
      </class> <!-- regression.GAdmin_HomewithPOM -->
      <class name="regression.StepperPOM">
        <test-method is-config="true" signature="browserSetup(java.lang.reflect.Method)[pri:0, instance:regression.StepperPOM@41a2befb]" started-at="2025-12-12T15:53:37 IST" name="browserSetup" finished-at="2025-12-12T15:53:42 IST" duration-ms="4344" status="PASS">
          <params>
            <param index="0">
              <value>
                <![CDATA[public void regression.StepperPOM.stepperpagetest(java.util.HashMap)]]>
              </value>
            </param>
          </params>
          <reporter-output>
          </reporter-output>
        </test-method> <!-- browserSetup -->
        <test-method signature="stepperpagetest(java.util.HashMap)[pri:0, instance:regression.StepperPOM@41a2befb]" started-at="2025-12-12T15:53:42 IST" name="stepperpagetest" data-provider="getTestDataFromExcel" finished-at="2025-12-12T15:54:07 IST" duration-ms="25335" status="PASS">
          <params>
            <param index="0">
              <value>
                <![CDATA[{SkillName=Apache JMeter, SkillLevel=Beginner, Username=test@pixentia.com, FirstName=test, JobCategory=Software Quality Assurance, TestCaseID=TC_stepper-001, LastName=test, InterestData=Testing, Password=Test123$}]]>
              </value>
            </param>
          </params>
          <reporter-output>
          </reporter-output>
        </test-method> <!-- stepperpagetest -->
        <test-method is-config="true" signature="tearDown()[pri:0, instance:regression.StepperPOM@41a2befb]" started-at="2025-12-12T15:54:07 IST" name="tearDown" finished-at="2025-12-12T15:54:08 IST" duration-ms="334" status="PASS">
          <reporter-output>
          </reporter-output>
        </test-method> <!-- tearDown -->
      </class> <!-- regression.StepperPOM -->
    </test> <!-- All Functional Tests -->
  </suite> <!-- Novo Automation Suite -->
</testng-results>
