<?xml version="1.0" encoding="UTF-8"?>
<!-- Generated by org.testng.reporters.JUnitReportReporter -->
<testsuite hostname="Pixentia-D69" failures="0" tests="5" name="smoke.LoginWithdataproviderPOM" time="70.011" errors="0" timestamp="2025-12-15T17:43:47 IST" skipped="0">
  <testcase classname="smoke.LoginWithdataproviderPOM" name="login" time="6.623"/>
  <testcase classname="smoke.LoginWithdataproviderPOM" name="login" time="19.275"/>
  <testcase classname="smoke.LoginWithdataproviderPOM" name="login" time="26.962"/>
  <testcase classname="smoke.LoginWithdataproviderPOM" name="login" time="9.736"/>
  <testcase classname="smoke.LoginWithdataproviderPOM" name="login" time="7.415"/>
</testsuite> <!-- smoke.LoginWithdataproviderPOM -->
